<?xml version="1.0" encoding="UTF-8"?>
<TestRun id="f808c6b1-cc28-4fde-af5c-fd312d7aae79" name="Administrator@WIN7 2013-02-01 08:40:07" runUser="WIN7\Administrator" xmlns="http://microsoft.com/schemas/VisualStudio/TeamTest/2010">
  <TestSettings name="Local" id="7ce0feac-6923-4b57-94a3-c53c24193020">
    <Description>These are default test settings for a local test run.</Description>
    <Deployment enabled="false" runDeploymentRoot="Administrator_WIN7 2013-02-01 08_40_07">
      <DeploymentItem filename="C:\Users\Administrator.WIN7\Documents\Microsoft Visual Studio Async CTP\Samples\AsyncCtpLibrary_Phone.dll" />
    </Deployment>
    <Execution>
      <TestTypeSpecific />
      <AgentRule name="Execution Agents">
      </AgentRule>
    </Execution>
  </TestSettings>
  <Times creation="2013-02-01T08:40:07.5666776-08:00" queuing="2013-02-01T08:40:07.6291776-08:00" start="2013-02-01T08:40:07.6604276-08:00" finish="2013-02-01T08:40:08.0198026-08:00" />
  <ResultSummary outcome="Error">
    <Counters total="1" executed="1" passed="1" error="0" failed="0" timeout="0" aborted="0" inconclusive="0" passedButRunAborted="0" notRunnable="0" notExecuted="0" disconnected="0" warning="0" completed="0" inProgress="0" pending="0" />
    <RunInfos>
      <RunInfo computerName="WIN7" outcome="Error" timestamp="2013-02-01T08:40:07.9573026-08:00">
        <Text>One of the background threads threw exception: 
System.IO.FileNotFoundException: Could not load file or assembly 'System.Windows, Version=2.0.5.0, Culture=neutral, PublicKeyToken=7cec85d7bea7798e' or one of its dependencies. The system cannot find the file specified.
File name: 'System.Windows, Version=2.0.5.0, Culture=neutral, PublicKeyToken=7cec85d7bea7798e'
   at System.Runtime.CompilerServices.AsyncVoidMethodBuilder.&lt;SetException&gt;b__3(Object state)
   at System.Threading.QueueUserWorkItemCallback.WaitCallback_Context(Object state)
   at System.Threading.ExecutionContext.runTryCode(Object userData)
   at System.Runtime.CompilerServices.RuntimeHelpers.ExecuteCodeWithGuaranteedCleanup(TryCode code, CleanupCode backoutCode, Object userData)
   at System.Threading.ExecutionContext.RunInternal(ExecutionContext executionContext, ContextCallback callback, Object state)
   at System.Threading.ExecutionContext.Run(ExecutionContext executionContext, ContextCallback callback, Object state, Boolean ignoreSyncCtx)
   at System.Threading.QueueUserWorkItemCallback.System.Threading.IThreadPoolWorkItem.ExecuteWorkItem()
   at System.Threading.ThreadPoolWorkQueue.Dispatch()
   at System.Threading._ThreadPoolWaitCallback.PerformWaitCallback()

WRN: Assembly binding logging is turned OFF.
To enable assembly bind failure logging, set the registry value [HKLM\Software\Microsoft\Fusion!EnableLog] (DWORD) to 1.
Note: There is some performance penalty associated with assembly bind failure logging.
To turn this feature off, remove the registry value [HKLM\Software\Microsoft\Fusion!EnableLog].
</Text>
      </RunInfo>
    </RunInfos>
  </ResultSummary>
  <TestDefinitions>
    <UnitTest name="RetrievesCorrectData" storage="c:\users\administrator.win7\documents\visual studio 2010\projects\appfogwp7\unittests\bin\debug\unittests.dll" id="1d8b0978-c318-ebe0-63bf-61f97e4cb41d">
      <Execution id="b47a127e-4515-4572-9461-67c284a84afc" />
      <TestMethod codeBase="C:/Users/Administrator.WIN7/Documents/Visual Studio 2010/Projects/AppFogWP7/UnitTests/bin/Debug/UnitTests.DLL" adapterTypeName="Microsoft.VisualStudio.TestTools.TestTypes.Unit.UnitTestAdapter, Microsoft.VisualStudio.QualityTools.Tips.UnitTest.Adapter, Version=10.0.0.0, Culture=neutral, PublicKeyToken=b03f5f7f11d50a3a" className="UnitTests.DataServiceUnitTests, UnitTests, Version=1.0.0.0, Culture=neutral, PublicKeyToken=null" name="RetrievesCorrectData" />
    </UnitTest>
  </TestDefinitions>
  <TestLists>
    <TestList name="Results Not in a List" id="8c84fa94-04c1-424b-9868-57a2d4851a1d" />
    <TestList name="All Loaded Results" id="19431567-8539-422a-85d7-44ee4e166bda" />
  </TestLists>
  <TestEntries>
    <TestEntry testId="1d8b0978-c318-ebe0-63bf-61f97e4cb41d" executionId="b47a127e-4515-4572-9461-67c284a84afc" testListId="8c84fa94-04c1-424b-9868-57a2d4851a1d" />
  </TestEntries>
  <Results>
    <UnitTestResult executionId="b47a127e-4515-4572-9461-67c284a84afc" testId="1d8b0978-c318-ebe0-63bf-61f97e4cb41d" testName="RetrievesCorrectData" computerName="WIN7" duration="00:00:00.0402178" startTime="2013-02-01T08:40:07.6760526-08:00" endTime="2013-02-01T08:40:07.9729276-08:00" testType="13cdc9d9-ddb5-4fa4-a97d-d965ccfc6d4b" outcome="Passed" testListId="8c84fa94-04c1-424b-9868-57a2d4851a1d" relativeResultsDirectory="b47a127e-4515-4572-9461-67c284a84afc">
    </UnitTestResult>
  </Results>
</TestRun>