<?xml version="1.0" encoding="UTF-8"?>
<TestRun id="648247c7-5e96-4fcd-af70-f703e112c89c" name="Administrator@WIN7 2013-02-01 07:55:42" runUser="WIN7\Administrator" xmlns="http://microsoft.com/schemas/VisualStudio/TeamTest/2010">
  <TestSettings name="Local" id="7ce0feac-6923-4b57-94a3-c53c24193020">
    <Description>These are default test settings for a local test run.</Description>
    <Deployment enabled="false" runDeploymentRoot="Administrator_WIN7 2013-02-01 07_55_42" />
    <Execution>
      <TestTypeSpecific />
      <AgentRule name="Execution Agents">
      </AgentRule>
    </Execution>
  </TestSettings>
  <Times creation="2013-02-01T07:55:42.4489000-08:00" queuing="2013-02-01T07:55:48.5592515-08:00" start="2013-02-01T07:55:48.9811265-08:00" finish="2013-02-01T07:55:51.2780015-08:00" />
  <ResultSummary outcome="Completed">
    <Counters total="1" executed="1" passed="1" error="0" failed="0" timeout="0" aborted="0" inconclusive="0" passedButRunAborted="0" notRunnable="0" notExecuted="0" disconnected="0" warning="0" completed="0" inProgress="0" pending="0" />
  </ResultSummary>
  <TestDefinitions>
    <UnitTest name="AlwaysPass" storage="c:\users\administrator.win7\documents\visual studio 2010\projects\appfogwp7\unittests\bin\debug\unittests.dll" id="c9ae0773-c8b1-2cdc-1d17-bca4d3fb441d">
      <Execution id="5bac2601-5a87-48a6-9290-c18310f3bbbd" />
      <TestMethod codeBase="C:/Users/Administrator.WIN7/Documents/Visual Studio 2010/Projects/AppFogWP7/UnitTests/bin/Debug/UnitTests.DLL" adapterTypeName="Microsoft.VisualStudio.TestTools.TestTypes.Unit.UnitTestAdapter, Microsoft.VisualStudio.QualityTools.Tips.UnitTest.Adapter, Version=10.0.0.0, Culture=neutral, PublicKeyToken=b03f5f7f11d50a3a" className="UnitTests.UnitTests, UnitTests, Version=1.0.0.0, Culture=neutral, PublicKeyToken=null" name="AlwaysPass" />
    </UnitTest>
  </TestDefinitions>
  <TestLists>
    <TestList name="Results Not in a List" id="8c84fa94-04c1-424b-9868-57a2d4851a1d" />
    <TestList name="All Loaded Results" id="19431567-8539-422a-85d7-44ee4e166bda" />
  </TestLists>
  <TestEntries>
    <TestEntry testId="c9ae0773-c8b1-2cdc-1d17-bca4d3fb441d" executionId="5bac2601-5a87-48a6-9290-c18310f3bbbd" testListId="8c84fa94-04c1-424b-9868-57a2d4851a1d" />
  </TestEntries>
  <Results>
    <UnitTestResult executionId="5bac2601-5a87-48a6-9290-c18310f3bbbd" testId="c9ae0773-c8b1-2cdc-1d17-bca4d3fb441d" testName="AlwaysPass" computerName="WIN7" duration="00:00:00.0094087" startTime="2013-02-01T07:55:49.3092515-08:00" endTime="2013-02-01T07:55:50.6061265-08:00" testType="13cdc9d9-ddb5-4fa4-a97d-d965ccfc6d4b" outcome="Passed" testListId="8c84fa94-04c1-424b-9868-57a2d4851a1d" relativeResultsDirectory="5bac2601-5a87-48a6-9290-c18310f3bbbd">
    </UnitTestResult>
  </Results>
</TestRun>